 INFO [2017-11-30 15:39:03,254] ({Thread-0} RemoteInterpreterServer.java[run]:183) - Starting remote interpreter server on port 53920
 INFO [2017-11-30 15:39:04,272] ({Thread-1} RemoteInterpreterUtils.java[registerInterpreter]:143) - callbackHost: 192.168.1.100, callbackPort: 52263, callbackInfo: CallbackInfo(host:192.168.1.100, port:53920)
ERROR [2017-11-30 15:39:05,278] ({Thread-1} RemoteInterpreterServer.java[run]:172) - Error while registering interpreter: CallbackInfo(host:192.168.1.100, port:53920)
org.apache.thrift.transport.TTransportException: java.net.ConnectException: Connection refused (Connection refused)
	at org.apache.thrift.transport.TSocket.open(TSocket.java:226)
	at com.smartsuites.interpreter.remote.RemoteInterpreterUtils.registerInterpreter(RemoteInterpreterUtils.java:146)
	at com.smartsuites.interpreter.remote.RemoteInterpreterServer$1.run(RemoteInterpreterServer.java:170)
	at java.lang.Thread.run(Thread.java:748)
Caused by: java.net.ConnectException: Connection refused (Connection refused)
	at java.net.PlainSocketImpl.socketConnect(Native Method)
	at java.net.AbstractPlainSocketImpl.doConnect(AbstractPlainSocketImpl.java:350)
	at java.net.AbstractPlainSocketImpl.connectToAddress(AbstractPlainSocketImpl.java:206)
	at java.net.AbstractPlainSocketImpl.connect(AbstractPlainSocketImpl.java:188)
	at java.net.SocksSocketImpl.connect(SocksSocketImpl.java:392)
	at java.net.Socket.connect(Socket.java:589)
	at org.apache.thrift.transport.TSocket.open(TSocket.java:221)
	... 3 more
 INFO [2017-11-30 15:39:05,280] ({Thread-1} RemoteInterpreterServer.java[shutdown]:189) - Shutting down...
 INFO [2017-11-30 15:40:50,762] ({Thread-0} RemoteInterpreterServer.java[run]:183) - Starting remote interpreter server on port 54149
 INFO [2017-11-30 15:40:51,772] ({Thread-1} RemoteInterpreterUtils.java[registerInterpreter]:143) - callbackHost: 192.168.1.100, callbackPort: 54146, callbackInfo: CallbackInfo(host:192.168.1.100, port:54149)
ERROR [2017-11-30 15:40:52,009] ({pool-1-thread-1} RemoteInterpreterServer.java[createInterpreter]:292) - java.lang.ClassNotFoundException: org.apache.zeppelin.markdown.Markdown
java.lang.ClassNotFoundException: org.apache.zeppelin.markdown.Markdown
	at java.net.URLClassLoader.findClass(URLClassLoader.java:381)
	at java.lang.ClassLoader.loadClass(ClassLoader.java:424)
	at sun.misc.Launcher$AppClassLoader.loadClass(Launcher.java:335)
	at java.lang.ClassLoader.loadClass(ClassLoader.java:357)
	at java.lang.Class.forName0(Native Method)
	at java.lang.Class.forName(Class.java:264)
	at com.smartsuites.interpreter.remote.RemoteInterpreterServer.createInterpreter(RemoteInterpreterServer.java:275)
	at com.smartsuites.interpreter.thrift.RemoteInterpreterService$Processor$createInterpreter.getResult(RemoteInterpreterService.java:1758)
	at com.smartsuites.interpreter.thrift.RemoteInterpreterService$Processor$createInterpreter.getResult(RemoteInterpreterService.java:1743)
	at org.apache.thrift.ProcessFunction.process(ProcessFunction.java:39)
	at org.apache.thrift.TBaseProcessor.process(TBaseProcessor.java:39)
	at org.apache.thrift.server.TThreadPoolServer$WorkerProcess.run(TThreadPoolServer.java:286)
	at java.util.concurrent.ThreadPoolExecutor.runWorker(ThreadPoolExecutor.java:1149)
	at java.util.concurrent.ThreadPoolExecutor$Worker.run(ThreadPoolExecutor.java:624)
	at java.lang.Thread.run(Thread.java:748)
ERROR [2017-11-30 15:40:52,013] ({pool-1-thread-1} ProcessFunction.java[process]:41) - Internal error processing createInterpreter
org.apache.thrift.TException: java.lang.ClassNotFoundException: org.apache.zeppelin.markdown.Markdown
	at com.smartsuites.interpreter.remote.RemoteInterpreterServer.createInterpreter(RemoteInterpreterServer.java:293)
	at com.smartsuites.interpreter.thrift.RemoteInterpreterService$Processor$createInterpreter.getResult(RemoteInterpreterService.java:1758)
	at com.smartsuites.interpreter.thrift.RemoteInterpreterService$Processor$createInterpreter.getResult(RemoteInterpreterService.java:1743)
	at org.apache.thrift.ProcessFunction.process(ProcessFunction.java:39)
	at org.apache.thrift.TBaseProcessor.process(TBaseProcessor.java:39)
	at org.apache.thrift.server.TThreadPoolServer$WorkerProcess.run(TThreadPoolServer.java:286)
	at java.util.concurrent.ThreadPoolExecutor.runWorker(ThreadPoolExecutor.java:1149)
	at java.util.concurrent.ThreadPoolExecutor$Worker.run(ThreadPoolExecutor.java:624)
	at java.lang.Thread.run(Thread.java:748)
Caused by: java.lang.ClassNotFoundException: org.apache.zeppelin.markdown.Markdown
	at java.net.URLClassLoader.findClass(URLClassLoader.java:381)
	at java.lang.ClassLoader.loadClass(ClassLoader.java:424)
	at sun.misc.Launcher$AppClassLoader.loadClass(Launcher.java:335)
	at java.lang.ClassLoader.loadClass(ClassLoader.java:357)
	at java.lang.Class.forName0(Native Method)
	at java.lang.Class.forName(Class.java:264)
	at com.smartsuites.interpreter.remote.RemoteInterpreterServer.createInterpreter(RemoteInterpreterServer.java:275)
	... 8 more
 INFO [2017-11-30 15:44:40,539] ({pool-1-thread-3} RemoteInterpreterServer.java[shutdown]:189) - Shutting down...
 INFO [2017-11-30 15:47:29,253] ({Thread-0} RemoteInterpreterServer.java[run]:183) - Starting remote interpreter server on port 55219
 INFO [2017-11-30 15:47:30,263] ({Thread-1} RemoteInterpreterUtils.java[registerInterpreter]:143) - callbackHost: 192.168.1.100, callbackPort: 55216, callbackInfo: CallbackInfo(host:192.168.1.100, port:55219)
ERROR [2017-11-30 15:47:30,441] ({pool-1-thread-1} RemoteInterpreterServer.java[createInterpreter]:292) - java.lang.ClassNotFoundException: org.apache.zeppelin.markdown.Markdown
java.lang.ClassNotFoundException: org.apache.zeppelin.markdown.Markdown
	at java.net.URLClassLoader.findClass(URLClassLoader.java:381)
	at java.lang.ClassLoader.loadClass(ClassLoader.java:424)
	at sun.misc.Launcher$AppClassLoader.loadClass(Launcher.java:335)
	at java.lang.ClassLoader.loadClass(ClassLoader.java:357)
	at java.lang.Class.forName0(Native Method)
	at java.lang.Class.forName(Class.java:264)
	at com.smartsuites.interpreter.remote.RemoteInterpreterServer.createInterpreter(RemoteInterpreterServer.java:275)
	at com.smartsuites.interpreter.thrift.RemoteInterpreterService$Processor$createInterpreter.getResult(RemoteInterpreterService.java:1758)
	at com.smartsuites.interpreter.thrift.RemoteInterpreterService$Processor$createInterpreter.getResult(RemoteInterpreterService.java:1743)
	at org.apache.thrift.ProcessFunction.process(ProcessFunction.java:39)
	at org.apache.thrift.TBaseProcessor.process(TBaseProcessor.java:39)
	at org.apache.thrift.server.TThreadPoolServer$WorkerProcess.run(TThreadPoolServer.java:286)
	at java.util.concurrent.ThreadPoolExecutor.runWorker(ThreadPoolExecutor.java:1149)
	at java.util.concurrent.ThreadPoolExecutor$Worker.run(ThreadPoolExecutor.java:624)
	at java.lang.Thread.run(Thread.java:748)
ERROR [2017-11-30 15:47:30,444] ({pool-1-thread-1} ProcessFunction.java[process]:41) - Internal error processing createInterpreter
org.apache.thrift.TException: java.lang.ClassNotFoundException: org.apache.zeppelin.markdown.Markdown
	at com.smartsuites.interpreter.remote.RemoteInterpreterServer.createInterpreter(RemoteInterpreterServer.java:293)
	at com.smartsuites.interpreter.thrift.RemoteInterpreterService$Processor$createInterpreter.getResult(RemoteInterpreterService.java:1758)
	at com.smartsuites.interpreter.thrift.RemoteInterpreterService$Processor$createInterpreter.getResult(RemoteInterpreterService.java:1743)
	at org.apache.thrift.ProcessFunction.process(ProcessFunction.java:39)
	at org.apache.thrift.TBaseProcessor.process(TBaseProcessor.java:39)
	at org.apache.thrift.server.TThreadPoolServer$WorkerProcess.run(TThreadPoolServer.java:286)
	at java.util.concurrent.ThreadPoolExecutor.runWorker(ThreadPoolExecutor.java:1149)
	at java.util.concurrent.ThreadPoolExecutor$Worker.run(ThreadPoolExecutor.java:624)
	at java.lang.Thread.run(Thread.java:748)
Caused by: java.lang.ClassNotFoundException: org.apache.zeppelin.markdown.Markdown
	at java.net.URLClassLoader.findClass(URLClassLoader.java:381)
	at java.lang.ClassLoader.loadClass(ClassLoader.java:424)
	at sun.misc.Launcher$AppClassLoader.loadClass(Launcher.java:335)
	at java.lang.ClassLoader.loadClass(ClassLoader.java:357)
	at java.lang.Class.forName0(Native Method)
	at java.lang.Class.forName(Class.java:264)
	at com.smartsuites.interpreter.remote.RemoteInterpreterServer.createInterpreter(RemoteInterpreterServer.java:275)
	... 8 more
 INFO [2017-11-30 15:50:08,688] ({Thread-0} RemoteInterpreterServer.java[run]:183) - Starting remote interpreter server on port 55544
 INFO [2017-11-30 15:50:09,695] ({Thread-1} RemoteInterpreterUtils.java[registerInterpreter]:143) - callbackHost: 192.168.1.100, callbackPort: 52216, callbackInfo: CallbackInfo(host:192.168.1.100, port:55544)
ERROR [2017-11-30 15:50:10,714] ({Thread-1} RemoteInterpreterServer.java[run]:172) - Error while registering interpreter: CallbackInfo(host:192.168.1.100, port:55544)
org.apache.thrift.transport.TTransportException: java.net.ConnectException: Connection refused (Connection refused)
	at org.apache.thrift.transport.TSocket.open(TSocket.java:226)
	at com.smartsuites.interpreter.remote.RemoteInterpreterUtils.registerInterpreter(RemoteInterpreterUtils.java:146)
	at com.smartsuites.interpreter.remote.RemoteInterpreterServer$1.run(RemoteInterpreterServer.java:170)
	at java.lang.Thread.run(Thread.java:748)
Caused by: java.net.ConnectException: Connection refused (Connection refused)
	at java.net.PlainSocketImpl.socketConnect(Native Method)
	at java.net.AbstractPlainSocketImpl.doConnect(AbstractPlainSocketImpl.java:350)
	at java.net.AbstractPlainSocketImpl.connectToAddress(AbstractPlainSocketImpl.java:206)
	at java.net.AbstractPlainSocketImpl.connect(AbstractPlainSocketImpl.java:188)
	at java.net.SocksSocketImpl.connect(SocksSocketImpl.java:392)
	at java.net.Socket.connect(Socket.java:589)
	at org.apache.thrift.transport.TSocket.open(TSocket.java:221)
	... 3 more
 INFO [2017-11-30 15:50:10,717] ({Thread-1} RemoteInterpreterServer.java[shutdown]:189) - Shutting down...
 INFO [2017-11-30 15:55:28,256] ({pool-1-thread-3} RemoteInterpreterServer.java[shutdown]:189) - Shutting down...
 INFO [2017-11-30 16:01:54,981] ({Thread-0} RemoteInterpreterServer.java[run]:183) - Starting remote interpreter server on port 56823
 INFO [2017-11-30 16:01:55,989] ({Thread-1} RemoteInterpreterUtils.java[registerInterpreter]:143) - callbackHost: 192.168.1.100, callbackPort: 56822, callbackInfo: CallbackInfo(host:192.168.1.100, port:56823)
 INFO [2017-11-30 16:01:56,178] ({pool-1-thread-1} RemoteInterpreterServer.java[createInterpreter]:284) - Instantiate interpreter com.smartsuites.markdown.Markdown
 INFO [2017-11-30 16:01:56,271] ({pool-2-thread-2} SchedulerFactory.java[jobStarted]:96) - Job 20171130-145608_828539954 started by scheduler com.smartsuites.markdown.Markdown1140139279
 INFO [2017-11-30 16:01:56,610] ({pool-2-thread-2} SchedulerFactory.java[jobFinished]:102) - Job 20171130-145608_828539954 finished by scheduler com.smartsuites.markdown.Markdown1140139279
 INFO [2017-11-30 16:02:26,156] ({pool-2-thread-2} SchedulerFactory.java[jobStarted]:96) - Job 20171130-145621_465269810 started by scheduler com.smartsuites.markdown.Markdown1140139279
 INFO [2017-11-30 16:02:26,158] ({pool-2-thread-2} SchedulerFactory.java[jobFinished]:102) - Job 20171130-145621_465269810 finished by scheduler com.smartsuites.markdown.Markdown1140139279
 INFO [2017-11-30 16:02:37,783] ({pool-2-thread-3} SchedulerFactory.java[jobStarted]:96) - Job 20171130-160226_2015697468 started by scheduler com.smartsuites.markdown.Markdown1140139279
 INFO [2017-11-30 16:02:37,787] ({pool-2-thread-3} SchedulerFactory.java[jobFinished]:102) - Job 20171130-160226_2015697468 finished by scheduler com.smartsuites.markdown.Markdown1140139279
 INFO [2017-11-30 16:02:42,491] ({pool-2-thread-2} SchedulerFactory.java[jobStarted]:96) - Job 20171130-160226_2015697468 started by scheduler com.smartsuites.markdown.Markdown1140139279
 INFO [2017-11-30 16:02:42,493] ({pool-2-thread-2} SchedulerFactory.java[jobFinished]:102) - Job 20171130-160226_2015697468 finished by scheduler com.smartsuites.markdown.Markdown1140139279
 INFO [2017-11-30 16:13:31,484] ({pool-2-thread-4} SchedulerFactory.java[jobStarted]:96) - Job 20171130-145608_828539954 started by scheduler com.smartsuites.markdown.Markdown1140139279
 INFO [2017-11-30 16:13:31,487] ({pool-2-thread-4} SchedulerFactory.java[jobFinished]:102) - Job 20171130-145608_828539954 finished by scheduler com.smartsuites.markdown.Markdown1140139279
 INFO [2017-11-30 16:24:37,109] ({pool-1-thread-1} RemoteInterpreterServer.java[shutdown]:189) - Shutting down...
 INFO [2017-11-30 16:38:36,675] ({Thread-0} RemoteInterpreterServer.java[run]:183) - Starting remote interpreter server on port 62390
 INFO [2017-11-30 16:38:37,688] ({Thread-1} RemoteInterpreterUtils.java[registerInterpreter]:143) - callbackHost: 192.168.1.100, callbackPort: 62389, callbackInfo: CallbackInfo(host:192.168.1.100, port:62390)
 INFO [2017-11-30 16:38:37,902] ({pool-1-thread-1} RemoteInterpreterServer.java[createInterpreter]:284) - Instantiate interpreter com.smartsuites.markdown.Markdown
 INFO [2017-11-30 16:38:37,986] ({pool-2-thread-2} SchedulerFactory.java[jobStarted]:96) - Job 20171130-145608_828539954 started by scheduler com.smartsuites.markdown.Markdown1338678682
 INFO [2017-11-30 16:38:38,331] ({pool-2-thread-2} SchedulerFactory.java[jobFinished]:102) - Job 20171130-145608_828539954 finished by scheduler com.smartsuites.markdown.Markdown1338678682
 INFO [2017-11-30 17:38:40,071] ({pool-1-thread-1} RemoteInterpreterServer.java[shutdown]:189) - Shutting down...
 INFO [2017-11-30 21:18:48,766] ({Thread-0} RemoteInterpreterServer.java[run]:183) - Starting remote interpreter server on port 61181
 INFO [2017-11-30 21:18:49,784] ({Thread-1} RemoteInterpreterUtils.java[registerInterpreter]:143) - callbackHost: 192.168.1.100, callbackPort: 61180, callbackInfo: CallbackInfo(host:192.168.1.100, port:61181)
 INFO [2017-11-30 21:20:37,190] ({Thread-0} RemoteInterpreterServer.java[run]:183) - Starting remote interpreter server on port 61463
 INFO [2017-11-30 21:20:38,199] ({Thread-1} RemoteInterpreterUtils.java[registerInterpreter]:143) - callbackHost: 192.168.1.100, callbackPort: 61460, callbackInfo: CallbackInfo(host:192.168.1.100, port:61463)
 INFO [2017-11-30 21:20:38,445] ({pool-1-thread-1} RemoteInterpreterServer.java[createInterpreter]:284) - Instantiate interpreter com.smartsuites.markdown.Markdown
 INFO [2017-11-30 21:20:38,559] ({pool-2-thread-2} SchedulerFactory.java[jobStarted]:96) - Job 20171130-145608_828539954 started by scheduler com.smartsuites.markdown.Markdown1672224957
 INFO [2017-11-30 21:20:39,266] ({pool-2-thread-2} SchedulerFactory.java[jobFinished]:102) - Job 20171130-145608_828539954 finished by scheduler com.smartsuites.markdown.Markdown1672224957
 INFO [2017-11-30 21:22:34,035] ({pool-2-thread-2} SchedulerFactory.java[jobStarted]:96) - Job 20171130-145608_828539954 started by scheduler com.smartsuites.markdown.Markdown1672224957
 INFO [2017-11-30 21:22:34,038] ({pool-2-thread-2} SchedulerFactory.java[jobFinished]:102) - Job 20171130-145608_828539954 finished by scheduler com.smartsuites.markdown.Markdown1672224957
 INFO [2017-11-30 21:23:19,878] ({pool-2-thread-3} SchedulerFactory.java[jobStarted]:96) - Job 20171130-145608_828539954 started by scheduler com.smartsuites.markdown.Markdown1672224957
 INFO [2017-11-30 21:23:19,881] ({pool-2-thread-3} SchedulerFactory.java[jobFinished]:102) - Job 20171130-145608_828539954 finished by scheduler com.smartsuites.markdown.Markdown1672224957
 INFO [2017-11-30 21:24:58,214] ({pool-2-thread-2} SchedulerFactory.java[jobStarted]:96) - Job 20171130-145608_828539954 started by scheduler com.smartsuites.markdown.Markdown1672224957
 INFO [2017-11-30 21:24:58,216] ({pool-2-thread-2} SchedulerFactory.java[jobFinished]:102) - Job 20171130-145608_828539954 finished by scheduler com.smartsuites.markdown.Markdown1672224957
 INFO [2017-11-30 21:31:34,619] ({pool-2-thread-4} SchedulerFactory.java[jobStarted]:96) - Job 20171130-145608_828539954 started by scheduler com.smartsuites.markdown.Markdown1672224957
 INFO [2017-11-30 21:31:34,622] ({pool-2-thread-4} SchedulerFactory.java[jobFinished]:102) - Job 20171130-145608_828539954 finished by scheduler com.smartsuites.markdown.Markdown1672224957
 INFO [2017-11-30 21:31:39,704] ({pool-1-thread-3} RemoteInterpreterServer.java[shutdown]:189) - Shutting down...
 INFO [2017-11-30 21:33:02,596] ({Thread-0} RemoteInterpreterServer.java[run]:183) - Starting remote interpreter server on port 62985
 INFO [2017-11-30 21:33:03,611] ({Thread-1} RemoteInterpreterUtils.java[registerInterpreter]:143) - callbackHost: 192.168.1.100, callbackPort: 62981, callbackInfo: CallbackInfo(host:192.168.1.100, port:62985)
 INFO [2017-11-30 21:33:03,819] ({pool-1-thread-1} RemoteInterpreterServer.java[createInterpreter]:284) - Instantiate interpreter com.smartsuites.markdown.Markdown
 INFO [2017-11-30 21:33:03,926] ({pool-2-thread-2} SchedulerFactory.java[jobStarted]:96) - Job 20171130-145608_828539954 started by scheduler com.smartsuites.markdown.Markdown239322582
 INFO [2017-11-30 21:33:04,305] ({pool-2-thread-2} SchedulerFactory.java[jobFinished]:102) - Job 20171130-145608_828539954 finished by scheduler com.smartsuites.markdown.Markdown239322582
 INFO [2017-11-30 21:40:47,232] ({pool-1-thread-1} RemoteInterpreterServer.java[shutdown]:189) - Shutting down...
 INFO [2017-11-30 21:42:01,050] ({Thread-0} RemoteInterpreterServer.java[run]:183) - Starting remote interpreter server on port 64528
 INFO [2017-11-30 21:42:02,059] ({Thread-1} RemoteInterpreterUtils.java[registerInterpreter]:143) - callbackHost: 192.168.1.100, callbackPort: 64523, callbackInfo: CallbackInfo(host:192.168.1.100, port:64528)
 INFO [2017-11-30 21:42:02,198] ({pool-1-thread-1} RemoteInterpreterServer.java[createInterpreter]:284) - Instantiate interpreter com.smartsuites.markdown.Markdown
 INFO [2017-11-30 21:42:02,265] ({pool-2-thread-2} SchedulerFactory.java[jobStarted]:96) - Job 20171130-145608_828539954 started by scheduler com.smartsuites.markdown.Markdown310625969
 INFO [2017-11-30 21:42:02,648] ({pool-2-thread-2} SchedulerFactory.java[jobFinished]:102) - Job 20171130-145608_828539954 finished by scheduler com.smartsuites.markdown.Markdown310625969
 INFO [2017-11-30 23:10:50,593] ({pool-1-thread-1} RemoteInterpreterServer.java[shutdown]:189) - Shutting down...
